


              0x5fbf6420
                1

              0x5bb698
                1

                1

              0x4005e90
                1

              0x481b7c8
                1

                1

              0x4492d30
                1

              0x5fbfd7a7
                1

              0x485ec00
                1

              0x5fbfbad0
                1

                1

              0x6007000
                1

              0x691
                1

                1

              0x10
                1

              0x3706d70
                1

              0x5fbfdef8
                1

              0x49
                1

              0xdbe678
                1

              0x5fbfd4d8
                1

              0x4800020
                1

              0x5fbfd888
                1

              0x7e9ee1e1
                1

              0x5fbfdef8
                1

              0x5fbfb097
                1

              0x5bb698
                1

              0x1dba000
                1

              0x1904
                1

              0x1f06510
                1

              0x4048f30
                1

              0x50
                1

              0x5fbfdd68
                1

              0x5fbfe570
                1

              0x5fbfdcc0
                1

              0x25e0
                1

              0x102141ce6
              0x10214ad8a
              0x102144cf1
              0x102144d62
              0x10213f898
              0x10214b2f2
              0x10214b551
              0x10214b636
              0x10214bd22
              0x10214b6dc
              0x102141122
              0x1021410f7
              0x1021410f7
              0x10213fdc4
              0x10213532a
              0x102136668
              0x102131249
              0x102131036
              0x2
                1

              0x3b1022f1
                1

              0x3d2a7f8
                1

              0x4
                1

              0x5014020
                1

              0x503a340
                1

              0x5fbfdc60
                1

              0xa90
                1

              0x5fbfe5a8
                1

              0x42e05b8
                1

              0x9c9
                1

              0x45008d0
                1

              0x417b9e8
                1

              0x33
                1

              0x5fbfdc60
                1

              0x5fbfdd60
                1

              0x16d
                1

              0xa90
                1

              0x5bb698
                1

              0x5806cb0
                1

              0x5fbfdac7
                1

              0x427bdd8
                1

              0x5fbfdbe0
                1

              0x5d01
                1

              0x18
                1

              0x381bf18
                1

              0x5802030
                1

              0x5fbfdc30
                1

              0x160
                1

              0x5fbfdd68
                1

              0xe3b46881
                1

              0x381dcc0
                1

              0xee1
                1

              0x5fbfcef8
                1

              0x6300000
                1

              0x5fbfdc20
                1

              0x230
                1

              0x444
                1

              0x1b5a
                1

              0x43e4f90
                1

              0x5bb698
                1

              0x2a0
                1

              0x38391a8
                1

              0x417a5c8
                1

              0x3dc
                1

              0xef6
                1

              0x38016f8
                1

              0x6319ff8
                1

              0x5fbfaf00
                1

              0x36bc000
                1

              0x1
                1

              0x9
                1

              0x5fbfca20
                1

              0x5fbfdd20
                1

              0x10c080821
              0x10c08068f
              0x10c0803ff
              0x10c07fb83
              0x10c07a8ff
              0x10c07a531
              0x10c080ff0
              0x10c087a46
              0x10c087c16
              0x10c087c16
              0x10c087c16
              0x10c087c16
              0x10c087c16
              0x10c087c16
              0x10c087c16
              0x10c087c16
              0x10c087c16
              0x10c087c16
              0x10c087c16
              0x10c087c16
              0x10c087c16
              0x10c087c16
              0x10c086d45
              0x10c07c32a
              0x10c07d668
              0x10c078249
              0x10c078036
              0x3
                1

              0x23
                1

              0x5fbfdf38
                1

              0x48
                1

              0x3884f50
                1

              0x51
                1

              0x5ed51351
                1

              0xdbe560
                1

              0x46c
                1

              0x6301b70
                1

              0x79
                1

              0x4083190
                1

              0x4814698
                1

              0xa8
                1

              0x40023f0
                1

              0xf5
                1

              0x5fbfcc07
                1

              0x4884118
                1

              0xdbe560
                1

              0x8e1a79
                1

              0xa8
                1

              0x501acb0
                1

              0xb8
                1

              0x2bc
                1

              0x5fbfdcc0
                1

              0x43de5c8
                1

              0x44d26d0
                1

              0x5fbfdbd8
                1

              0xcf0
                1

              0x19fc
                1

              0x500c400
                1

              0x3803908
                1

              0x4101f10
                1

              0x5823a18
                1

              0x5fbfdd30
                1

              0x44
                1

              0x66
                1

              0x78a
                1

              0xa90
                1

              0x5fbfd9a0
                1

              0x4877eb0
                1

              0xae4
                1

              0x583cff8
                1

              0x201
                1

              0x5fbfce28
                1

              0xaa2c642c
                1

              0x5839138
                1

              0x5fbfdc60
                1

              0x5fbfde98
                1

              0x416fea8
                1

              0x4853ec8
                1

              0xd0
                1

              0x50005f8
                1

              0x7
                1

              0x5fbfdd28
                1

              0x5fbfdc30
                1

              0x5fbfdc60
                1

              0x5034990
                1

              0x1c0
                1

              0x4001fc0
                1

              0x3706dd0
                1

              0x5fbfacd0
                1

              0x5fbfdee0
                1

              0x36bc000
                1

              0x2
                1

              0x497b030
                1

              0x5fbfdc40
                1

              0x5800750
                1

              0x5fbfdc60
                1

              0x5fbfdd68
                1

              0x3872170
                1

              0x502a478
                1

              0x5801eb0
                1

              0x1b2
                1

              0x4ada1d8
                1

              0x5fbfd7e0
                1

              0x5fbfdff8
                1

              0x8
                1

              0x2c
                1

              0x62c0738
                1

              0x5c
                1

              0x400de60
                1

              0x5fbfdd68
                1

              0x621fa78
                1

              0x388b4a0
                1

              0x4a4
                1

              0x5fbfddb7
                1

              0x38c16f0
                1

              0x4c
                1

              0x480ca68
                1

              0x370b180
                1

              0x90
                1

              0xa90
                1

              0x62b8
                1

              0x4830ec0
                1

              0x60043f0
                1

              0x5fbfe728
                1

              0x4264848
                1

              0x554
                1

              0x42cad58
                1

              0x5fbfce58
                1

              0x600fa58
                1

              0x67
                1

              0x888
                1

              0x58235e0
                1

              0xf0
                1

              0x38476f8
                1

              0x4abe0f8
                1

              0x5009200
                1

              0x36bc000
                1

              0x5fbfdc10
                1

              0x5000018
                1

              0x19
                1

              0x5050828
                1

              0x32
                1

              0x5fbfdc40
                1

              0x5fbfdc60
                1

              0xa90
                1

              0x62d7c90
                1

              0x50373e0
                1

              0x5fbfdbf0
                1

              0x48000f8
                1

              0x4800000
                1

              0x5fbfd800
                1

              0x5fbfe220
                1

              0x580fc48
                1

              0x384c958
                1

              0x502d598
                1

              0x1fc0
                1

              0x44195c0
                1

              0x44d32c8
                1

              0x380dbd0
                1

              0xfe4
                1

              0x108
                1

              0x500db10
                1

              0x5fbfdd20
                1

              0x5fbfcd28
                1

              0x192c
                1

              0x5fbfde40
                1

              0x5fbfdd68
                1

              0xa90
                1

              0x5bb698
                1

              0x5fbfdbd0
                1

              0x42651e8
                1

              0xffffffff
                1

              0x36bc000
                1

              0x5fbfc800
                1

              0xdf80022b
                1

              0x1066b094f
              0x1066a6f67
              0x1066a6f43
              0x1066a5d95
              0x10669b32a
              0x10669c668
              0x106697249
              0x106697036
              0x3
                1

              0x41e2c68
                1

              0x5698
                1

              0x5bb698
                1

              0x43fbfb0
                1

              0x5fbfdab0
                1

              0x5fbfe2d8
                1

              0x3e4
                1

              0x1
                1

              0x513
                1

              0x1e
                1

              0x5fbfdf48
                1

              0x6f
                1

              0x190
                1

              0xa90
                1

              0x42a6
                1

              0x5fbfdcc0
                1

              0x580c0d0
                1

              0x42b1ef0
                1

              0x3f1
                1

              0x36bc000
                1

              0x5808108
                1

              0x1614
                1

              0x5fbfdc60
                1

              0x4275078
                1

              0x5bb698
                1

              0xab8
                1

              0xdf6dc8
                1

              0x5fbfd1f7
                1

              0x36bc000
                1

              0x5fbfbc01
                1

              0x12
                1

              0x44d3118
                1

              0x4003228
                1

              0x5fbfdd28
                1

              0x32
                1

              0x502c168
                1

              0x5fbfdd68
                1

              0xbe
                1

              0x108f50ade
              0x108f3031c
              0x108f2fb83
              0x108f2a8ff
              0x108f2a531
              0x108f30ff0
              0x108f37a46
              0x108f37c16
              0x108f36d45
              0x108f2c32a
              0x108f2d668
              0x108f28249
              0x108f28036
              0x3
                1

              0x1f8
                1

              0x6200000
                1

              0x1
                1

              0x96aa8a21
                1

              0x3839b30
                1

              0x5830850
                1

              0x488f150
                1

              0x5fbfdd68
                1

              0x6351878
                1

              0x388
                1

              0x5fbfdc90
                1

              0x5bb698
                1

              0x48703b8
                1

              0x5fbfdbc0
                1

              0x104
                1

              0x5802408
                1

              0x42b0818
                1

              0x4166418
                1

              0x5028638
                1

              0x474
                1

              0x381ca88
                1

              0x5fbfdca0
                1

              0x5fbfe8a0
                1

              0xab
                1

              0x48a56b8
                1

              0x1fc2
                1

              0x5fbfd4c7
                1

              0x486bed0
                1

              0x11180b6ea
              0x1117f8518
              0x1117feb40
              0x1117f8265
              0x1117eb0c8
              0x1117e6249
              0x1117e6036
              0x3
                1

              0x5fbfbb00
                1

              0x306
                1

              0x4823818
                1

              0x1c
                1

              0x168
                1

              0x5fbfdc70
                1

              0x40b4ba8
                1

              0x9b6
                1

              0x5834cc8
                1

              0x3858610
                1

              0xdf80022b
                1

              0x110d9243b
              0x110d98756
              0x110d8e122
              0x110d8e0f7
              0x110d8e0f7
              0x110d8e0f7
              0x110d8e0f7
              0x110d8e0f7
              0x110d8e0f7
              0x110d8e0f7
              0x110d8e0f7
              0x110d8e0f7
              0x110d8e0f7
              0x110d8e0f7
              0x110d8e0f7
              0x110d8e0f7
              0x110d8e0f7
              0x110d8e0f7
              0x110d8e0f7
              0x110d8e0f7
              0x110d8e0f7
              0x110d8e0f7
              0x110d8e0f7
              0x110d8cdc4
              0x110d8232a
              0x110d83668
              0x110d7e249
              0x110d7e036
              0x2
                1

              0x4062378
                1

              0x3708c90
                1

              0x39e
                1

              0x401a9a0
                1

              0x38528b8
                1

              0x384e4c8
                1

              0x4bce5d0
                1

              0x4b10fd8
                1

              0x36bc000
                1

              0x6348c10
                1

              0x42d6318
                1

              0x5800848
                1

              0x5822150
                1

              0x5958
                1

              0x480a360
                1

              0xa90
                1

              0x5bb698
                1

              0x5000da0
                1

              0x5fbfe8b8
                1

              0x48005d0
                1

              0x5fbfe4f8
                1

              0x4812800
                1

              0x484f610
                1

              0x184e
                1

              0x5fbfdd68
                1

              0x63afa68
                1

              0x1bb0
                1

              0x4200be0
                1

              0x4800000
                1

              0x9
                1

              0x4b24
                1

              0x30
                1

              0x5fbfbb58
                1

              0x5fbfe258
                1

              0xdbe560
                1

              0x5fbfe570
                1

              0x4100078
                1

              0x106692cef
              0x10669bd8a
              0x106695cf1
              0x106690898
              0x10669c2f2
              0x10669c551
              0x10669c636
              0x10669c97e
              0x10669c6dc
              0x106692122
              0x1066920f7
              0x106690dc4
              0x10668632a
              0x106687668
              0x106682249
              0x106682036
              0x3
                1

              0x3813e00
                1

              0x36bc000
                1

              0x38abf08
                1

              0x8ad7ac21
                1

              0x1e48
                1

              0x5fbfdc50
                1

              0x553
                1

              0x5fbfbd55
                1

              0x5fbfdc60
                1

              0x98
                1

              0x5fbfdcd8
                1

              0x1093adbfa
              0x10939a323
              0x10939ddc5
              0x10939731e
              0x109387e75
              0x10938d9da
              0x10938d68f
              0x10938d3ff
              0x10938cb83
              0x1093878ff
              0x109387573
              0x10938dff0
              0x109394a46
              0x109393d45
              0x10938932a
              0x10938a668
              0x109385249
              0x109385036
              0x3
                1

              0x5fbfdf08
                1

              0x48d0d18
                1

              0x580f518
                1

              0x486d038
                1

              0x5fbfe340
                1

              0x5fbfd747
                1

              0x65
                1

              0x5fbfdc70
                1

              0x271
                1

              0x384
                1

              0x5a4
                1

              0x584ada8
                1

              0x58200b8
                1

              0x5fbfdcc0
                1

              0xdf6dc8
                1

              0x584b6d8
                1

              0x5fbfd0e8
                1

              0x5013c00
                1

              0x36bc000
                1

              0x108
                1

              0x5001610
                1

              0x1b
                1

              0x4847b20
                1

              0x4424
                1

              0x47
                1

              0x5fbfdd48
                1

              0x5fbfe548
                1

              0x3ba7150
                1

              0x583a650
                1

              0x5831560
                1

              0x103f17666
              0x103f17b3c
              0x103f176dc
              0x103f0d122
              0x103f0d0f7
              0x103f0bdc4
              0x103f0132a
              0x103f02668
              0x103efd249
              0x103efd036
              0x3
                1

              0x5fbfdd68
                1

              0x5fbfb180
                1

              0x5027c98
                1

              0x5bb698
                1

              0xa8
                1

              0xdb5
                1

              0x3708dc0
                1

              0x3cd5be0
                1

              0x25f8
                1

              0x5fbfe4f8
                1

              0xcfa
                1

              0x36bc000
                1

              0x1
                1

              0x3000001
                1

              0x505e028
                1

              0x5fbfdd30
                1

              0x42e2940
                1

              0x5fbfdd68
                1

              0x4873c78
                1

              0x4695f88
                1

              0x5fbfe7c8
                1

              0x5fbfc8d8
                1

              0x43502e0
                1

              0x485d6f0
                1

              0x4800000
                1

              0x5005e00
                1

              0xd10
                1

              0x380fd18
                1

              0x48a1e20
                1

              0x417c528
                1

              0x5fbfdf28
                1

              0x5852448
                1

              0x5fbfdc60
                1

              0xa90
                1

              0x5fbfd290
                1

              0x4004fa0
                1

              0x48638d8
                1

              0x63e6518
                1

              0x5007420
                1

              0x5803880
                1

              0xba9
                1

              0x8f0
                1

              0x5fbfdbf0
                1

              0x61efff0
                1

              0x5800b10
                1

              0x11e
                1

              0x4104d20
                1

              0x5fbfdf28
                1

              0x43
                1

              0x5fbfdc50
                1

              0x5fbfdc60
                1

              0x5fbfdd68
                1

              0x43c1c78
                1

              0xa90
                1

              0x5809590
                1

              0x5bb698
                1

              0x38a69b0
                1

              0x6300000
                1

              0x5fbfb900
                1

              0xb34
                1

              0x37
                1

              0x145
                1

              0xdbe560
                1

              0x164
                1

              0x3824470
                1

              0x5fbfdca0
                1

              0x58007d8
                1

              0x5fbfdbf0
                1

              0x5fbfdcf8
                1

              0x36bc000
                1

              0x389d250
                1

              0x4082968
                1

              0xa90
                1

              0x482c9b8
                1

              0xc0
                1

              0x4015ec0
                1

              0x43b37e8
                1

              0xa40022f1
                1

              0x5fbfe408
                1

              0xf
                1

              0x6342118
                1

              0x4857d20
                1

              0x28
                1

              0x56
                1

              0x583c268
                1

              0x5fbfd580
                1

              0x44dfab8
                1

              0x4684cc0
                1

              0x5fbfdcc0
                1

              0xca
                1

              0x40064d0
                1

              0x484a200
                1

              0x4
                1

              0x44b8e58
                1

              0x260
                1

              0x87c
                1

              0x2e7c
                1

              0x4800000
                1

              0x5820a00
                1

              0x6
                1

              0x2145d08
                1

              0x4037008
                1

              0x9
                1

              0x4025418
                1

              0x1c
                1

              0x676ed38
                1

              0x5fbfdc60
                1

              0x6027fb0
                1

              0x1f095b0
                1

              0x48b14b8
                1

              0x5fbfdcc0
                1

              0x22e17c8
                1

              0x5fbfb9d7
                1

              0xa08
                1

              0x5fbfdc40
                1

              0x5fbfdd48
                1

              0xb2
                1

              0x5fbfdcd8
                1

              0x4101fe0
                1

              0x42651e8
                1

              0x50037f0
                1

              0x4710000
                1

              0x383a020
                1

              0x924
                1

              0x30
                1

              0x358
                1

              0x5fbfce58
                1

              0x5fbfdc60
                1

              0xdae
                1

              0x18e43db0
                1

              0x45046f0
                1

              0x6df6
                1

              0x3801708
                1

              0x4116c20
                1

              0x5fbfdc60
                1

              0x173
                1

              0x10c104f8a
              0x10c0e49da
              0x10c0e468f
              0x10c0e43ff
              0x10c0e3b83
              0x10c0de8ff
              0x10c0de573
              0x10c0e4ff0
              0x10c0eba46
              0x10c0ead45
              0x10c0e032a
              0x10c0e1668
              0x10c0dc249
              0x10c0dc036
              0x3
                1

              0x3808a98
                1

              0x580e098
                1

              0x50110a0
                1

              0xa1017ac6
                1

              0x5fbfdbd0
                1

              0xe0
                1

              0x5bf8
                1

              0x48aa0f8
                1

              0x5fbfdcf8
                1

              0x4221000
                1

              0x36bc000
                1

              0x1
                1

              0x73a
                1

              0x384da58
                1

              0x4a5c
                1

              0x5021e68
                1

              0x4938c7d9
                1

              0x5fbfdbf0
                1

              0x4813e00
                1

              0x1dbe400
                1

              0x21cd920
                1

              0x2305448
                1

              0x5fbfdd60
                1

              0xdbe560
                1

              0x564
                1

              0x2172
                1

              0x1fc5c80
                1

              0x5bb698
                1

              0x210ff98
                1

              0x60120c8
                1

              0x22000e0
                1

              0x22000f0
                1

              0x5fbfdaf7
                1

              0x5fbfdcf8
                1

              0x3801600
                1

              0x43ff710
                1

              0x2238
                1

              0x5809548
                1

              0x5045b50
                1

              0x355c
                1

              0x5010c60
                1

              0x186c
                1

              0x5fbfd678
                1

              0x5fbfde78
                1

              0x1494
                1

              0x5fbfe6a0
                1

              0x5fbfaeb0
                1

              0x386fdb8
                1

              0x1c4
                1

              0x5fbfb7d0
                1

              0x5024e20
                1

              0x2058b20
                1

              0x28d6f50
                1

              0x5818f50
                1

              0x3224558
                1

              0x5fbfdc60
                1

              0x6c
                1

              0x76f
                1

              0x8e1b8d
                1

              0x1b0
                1

              0x605fab0
                1

              0xcc
                1

              0x5fbfb4f0
                1

              0xbdc80000
                1

              0x42d4500
                1

              0x6
                1

              0x5fbfdd28
                1

              0x5810770
                1

              0x798
                1

              0x5fbfdca0
                1

              0x1c8
                1

              0x5fbfdbd0
                1

              0x5fbfdcf8
                1

              0x5fc
                1

              0x3813e00
                1

              0x9
                1

              0xc
                1

              0x491c
                1

              0x5fbfdc40
                1

              0x66e
                1

              0x5007b80
                1

              0x484f4a8
                1

              0x384adb8
                1

              0x1c8022f1
                1

              0x3801600
                1

              0x1
                1

              0x4
                1

              0x5fbfde20
                1

              0x5fbfdf30
                1

              0x4000650
                1

              0x5802378
                1

              0x5fbfb288
                1

              0xa90
                1

              0x4802190
                1

              0x1398
                1

              0x4ec8
                1

              0x3000001
                1

              0x5003f28
                1

              0x629d260
                1

              0x5fbfdc60
                1

              0x417b870
                1

              0x5fbfbd97
                1

              0x5bb698
                1

              0x5023e18
                1

              0x25
                1

              0xf5e
                1

              0x62
                1

              0x4754d98
                1

              0xa0
                1

              0xb5
                1

              0x48563c0
                1

              0x400c6d0
                1

              0x7
                1

              0x10
                1

              0x5002018
                1

              0x1b
                1

              0x5fbfdd60
                1

              0x5027388
                1

              0x5fbfc598
                1

              0x52a8
                1

              0x1bb8
                1

              0x102572ade
              0x10255231c
              0x102551b83
              0x10254c8ff
              0x10254c531
              0x102552ff0
              0x102559a46
              0x102559c16
              0x102558d45
              0x10254e32a
              0x10254f668
              0x10254a249
              0x10254a036
              0x3
                1

              0xbe0
                1

              0x40702f8
                1

              0x4802000
                1

              0x108
                1

              0x4802018
                1

              0x385f418
                1

              0x34
                1

              0x502b938
                1

              0x63f9448
                1

              0x5fbfcb67
                1

              0x636b478
                1

              0xa90
                1

              0x3708c90
                1

              0x3709490
                1

              0x5fbfe2b8
                1

              0x41cfab8
                1

              0x40fcec8
                1

              0xe3
                1

              0x482b5f0
                1

              0x5033310
                1

              0x41a4138
                1

              0x24d
                1

              0x5fbfdc60
                1

              0x68
                1

              0x4101378
                1

              0x5bb698
                1

              0xb6
                1

              0xdf6dc8
                1

              0x486f3cc
                1

              0x486c5d8
                1

              0x38016f8
                1

              0x1
                1

              0xf
                1

              0x5807d18
                1

              0x110d9d01a
              0x110d7c716
              0x110d7c68f
              0x110d7c3ff
              0x110d7bb83
              0x110d768ff
              0x110d76573
              0x110d7cff0
              0x110d83a46
              0x110d83c16
              0x110d83c16
              0x110d83c16
              0x110d83c16
              0x110d82d45
              0x110d7832a
              0x110d79668
              0x110d74249
              0x110d74036
              0x3
                1

              0x380ca30
                1

              0x4849248
                1

              0x914349
                1

              0x3816168
                1

              0x3836c68
                1

              0x4101ea0
                1

              0x5fbfddb7
                1

              0x4ae4
                1

              0x50010e8
                1

              0x3803c08
                1

              0x5fbfe608
                1

              0x5000930
                1

              0x5fbfc570
                1

              0x10b409c7d
              0x10b412d8a
              0x10b40ccf1
              0x10b407898
              0x10b4132f2
              0x10b413551
              0x10b413636
              0x10b413d22
              0x10b4136dc
              0x10b409122
              0x10b407dc4
              0x10b3fd32a
              0x10b3fe668
              0x10b3f9249
              0x10b3f9036
              0x3
                1

              0x5813598
                1

              0x47493d8
                1

              0x6083008
                1

              0xa
                1

              0x18
                1

              0x3815848
                1

              0x4b08a161
                1

              0x5fbfd490
                1

              0x5bb698
                1

              0x383b2a0
                1

              0x5fbfd6e8
                1

              0x5fbfdcf8
                1

              0x106
                1

              0x605bb08
                1

              0x4108020
                1

              0x5fbfb437
                1

              0x5fbfdf48
                1

              0x6021d50
                1

              0x45016c0
                1

              0x5fbfdbf0
                1

              0x4072900
                1

              0x36bc000
                1

              0x11c
                1

              0x5023a28
                1

              0x5fbfdd28
                1

              0x3d03150
                1

              0x170
                1

              0xa90
                1

              0x5bb698
                1

              0x3a23aa0
                1

              0x38733b0
                1

              0x5fbfdcc0
                1

              0x3801000
                1

              0x18
                1

              0x500b418
                1

              0x5fbfdf28
                1

              0x2db8ea61
                1

              0x5fbfdc90
                1

              0x4347198
                1

              0x5fbfdca0
                1

              0x5fbfe1c8
                1

                1

              0x5851160
                1

              0x4017c68
                1

              0x10826f979
              0x108265f67
              0x108265f43
              0x108264d95
              0x10825a32a
              0x10825b668
              0x108256249
              0x108256036
              0x3
                1

              0xe80
                1

              0x4a7e680
                1

              0x5fbfdcc0
                1

              0x5fbfdcd8
                1

              0x35e
                1

              0x5fbfdc60
                1

              0x58013c8
                1

              0x36bc000
                1

              0x5017890
                1

              0x3851aa0
                1

              0x58000d8
                1

              0x485e528
                1

              0x5fbfdc40
                1

              0x65
                1

              0x5fbfdcc0
                1

              0x4871a78
                1

              0xa90
                1

              0xffffffff
                1

              0x290ef48
                1

              0x2c0
                1

                1

              0x5070718
                1

              0x582d958
                1

              0x1095536c9
              0x109549f67
              0x109549f43
              0x109549f43
              0x109548d95
              0x10953e32a
              0x10953f668
              0x10953a249
              0x10953a036
              0x3
                1

                1

              0x9c
                1

              0x5bb698
                2

                2

                2

                2

              0x5bb698
                2

              0x5fbfdbf0
                2

                2

              0x5bb698
                2

                2

                2

              0x29822f1
                2

              0x3813e00
                2

              0x5fbfdd28
                2

                2

              0x5bb698
                2

              0x5bb698
                2

              0x5fbfdd68
                2

                2

              0x5bb698
                2

                2

              0x5fbfdbf0
                2

              0x5fbfdc60
                2

                2

                2

                3

                3

                3

                3

                3

                3

                3

              0x36bc000
                3

                3

              0x36bc000
                3

                3

                3

                3

                3

                3

                4

                4

                4

                4

                4

                4

                4

                4

                4

                4

                4

                4

                4

                4

                4

                5

                5

                5

                5

                5

                5

                5

                5

                5

                5

                5

                5

                5

                5

                6

                6

                6

                6

                6

                6

                6

                7

                7

                7

                7

                8

                8

                9
